# JRE version: Java(TM) SE Runtime Environment (7.0_79-b15) (build 1.7.0_79-b15)
# Java VM: Java HotSpot(TM) 64-Bit Server VM (24.79-b02 mixed mode windows-amd64 compressed oops)
Heap
 PSYoungGen      total 289280K, used 228864K [0x00000000eaa80000, 0x0000000100000000, 0x0000000100000000)
  eden space 228864K, 100% used [0x00000000eaa80000,0x00000000f8a00000,0x00000000f8a00000)
  from space 60416K, 0% used [0x00000000f8a00000,0x00000000f8a00000,0x00000000fc500000)
  to   space 57856K, 0% used [0x00000000fc780000,0x00000000fc780000,0x0000000100000000)
 ParOldGen       total 240640K, used 226359K [0x00000000c0000000, 0x00000000ceb00000, 0x00000000eaa80000)
  object space 240640K, 94% used [0x00000000c0000000,0x00000000cdd0dfb8,0x00000000ceb00000)
 PSPermGen       total 181248K, used 147032K [0x00000000b0000000, 0x00000000bb100000, 0x00000000c0000000)
  object space 181248K, 81% used [0x00000000b0000000,0x00000000b8f96348,0x00000000bb100000)
GC Heap History (10 events):
Event: 294.944 GC heap after
Heap after GC invocations=26 (full 4):
 PSYoungGen      total 300544K, used 20001K [0x00000000eaa80000, 0x00000000ffc00000, 0x0000000100000000)
  eden space 259584K, 0% used [0x00000000eaa80000,0x00000000eaa80000,0x00000000fa800000)
  from space 40960K, 48% used [0x00000000fd400000,0x00000000fe788648,0x00000000ffc00000)
  to   space 43008K, 0% used [0x00000000fa800000,0x00000000fa800000,0x00000000fd200000)
 ParOldGen       total 240640K, used 183996K [0x00000000c0000000, 0x00000000ceb00000, 0x00000000eaa80000)
  object space 240640K, 76% used [0x00000000c0000000,0x00000000cb3af150,0x00000000ceb00000)
 PSPermGen       total 159232K, used 122106K [0x00000000b0000000, 0x00000000b9b80000, 0x00000000c0000000)
  object space 159232K, 76% used [0x00000000b0000000,0x00000000b773ea40,0x00000000b9b80000)
}
Event: 298.572 GC heap before
{Heap before GC invocations=27 (full 4):
 PSYoungGen      total 300544K, used 279585K [0x00000000eaa80000, 0x00000000ffc00000, 0x0000000100000000)
  eden space 259584K, 100% used [0x00000000eaa80000,0x00000000fa800000,0x00000000fa800000)
  from space 40960K, 48% used [0x00000000fd400000,0x00000000fe788648,0x00000000ffc00000)
  to   space 43008K, 0% used [0x00000000fa800000,0x00000000fa800000,0x00000000fd200000)
 ParOldGen       total 240640K, used 183996K [0x00000000c0000000, 0x00000000ceb00000, 0x00000000eaa80000)
  object space 240640K, 76% used [0x00000000c0000000,0x00000000cb3af150,0x00000000ceb00000)
 PSPermGen       total 159232K, used 131354K [0x00000000b0000000, 0x00000000b9b80000, 0x00000000c0000000)
  object space 159232K, 82% used [0x00000000b0000000,0x00000000b8046a40,0x00000000b9b80000)
Event: 298.606 GC heap after
Heap after GC invocations=27 (full 4):
 PSYoungGen      total 301056K, used 40981K [0x00000000eaa80000, 0x0000000100000000, 0x0000000100000000)
  eden space 259584K, 0% used [0x00000000eaa80000,0x00000000eaa80000,0x00000000fa800000)
  from space 41472K, 98% used [0x00000000fa800000,0x00000000fd005640,0x00000000fd080000)
  to   space 48640K, 0% used [0x00000000fd080000,0x00000000fd080000,0x0000000100000000)
 ParOldGen       total 240640K, used 183996K [0x00000000c0000000, 0x00000000ceb00000, 0x00000000eaa80000)
  object space 240640K, 76% used [0x00000000c0000000,0x00000000cb3af150,0x00000000ceb00000)
 PSPermGen       total 159232K, used 131354K [0x00000000b0000000, 0x00000000b9b80000, 0x00000000c0000000)
  object space 159232K, 82% used [0x00000000b0000000,0x00000000b8046a40,0x00000000b9b80000)
}
Event: 302.938 GC heap before
{Heap before GC invocations=28 (full 4):
 PSYoungGen      total 301056K, used 300565K [0x00000000eaa80000, 0x0000000100000000, 0x0000000100000000)
  eden space 259584K, 100% used [0x00000000eaa80000,0x00000000fa800000,0x00000000fa800000)
  from space 41472K, 98% used [0x00000000fa800000,0x00000000fd005640,0x00000000fd080000)
  to   space 48640K, 0% used [0x00000000fd080000,0x00000000fd080000,0x0000000100000000)
 ParOldGen       total 240640K, used 183996K [0x00000000c0000000, 0x00000000ceb00000, 0x00000000eaa80000)
  object space 240640K, 76% used [0x00000000c0000000,0x00000000cb3af150,0x00000000ceb00000)
 PSPermGen       total 159232K, used 138640K [0x00000000b0000000, 0x00000000b9b80000, 0x00000000c0000000)
  object space 159232K, 87% used [0x00000000b0000000,0x00000000b87640f8,0x00000000b9b80000)
Event: 302.974 GC heap after
Heap after GC invocations=28 (full 4):
 PSYoungGen      total 277504K, used 48619K [0x00000000eaa80000, 0x0000000100000000, 0x0000000100000000)
  eden space 228864K, 0% used [0x00000000eaa80000,0x00000000eaa80000,0x00000000f8a00000)
  from space 48640K, 99% used [0x00000000fd080000,0x00000000ffffad00,0x0000000100000000)
  to   space 60416K, 0% used [0x00000000f8a00000,0x00000000f8a00000,0x00000000fc500000)
 ParOldGen       total 240640K, used 193954K [0x00000000c0000000, 0x00000000ceb00000, 0x00000000eaa80000)
  object space 240640K, 80% used [0x00000000c0000000,0x00000000cbd689b0,0x00000000ceb00000)
 PSPermGen       total 159232K, used 138640K [0x00000000b0000000, 0x00000000b9b80000, 0x00000000c0000000)
  object space 159232K, 87% used [0x00000000b0000000,0x00000000b87640f8,0x00000000b9b80000)
}
Event: 304.332 GC heap before
{Heap before GC invocations=29 (full 4):
 PSYoungGen      total 277504K, used 148118K [0x00000000eaa80000, 0x0000000100000000, 0x0000000100000000)
  eden space 228864K, 43% used [0x00000000eaa80000,0x00000000f0baae80,0x00000000f8a00000)
  from space 48640K, 99% used [0x00000000fd080000,0x00000000ffffad00,0x0000000100000000)
  to   space 60416K, 0% used [0x00000000f8a00000,0x00000000f8a00000,0x00000000fc500000)
 ParOldGen       total 240640K, used 193954K [0x00000000c0000000, 0x00000000ceb00000, 0x00000000eaa80000)
  object space 240640K, 80% used [0x00000000c0000000,0x00000000cbd689b0,0x00000000ceb00000)
 PSPermGen       total 159232K, used 138757K [0x00000000b0000000, 0x00000000b9b80000, 0x00000000c0000000)
  object space 159232K, 87% used [0x00000000b0000000,0x00000000b8781530,0x00000000b9b80000)
Event: 304.367 GC heap after
Heap after GC invocations=29 (full 4):
 PSYoungGen      total 289280K, used 17709K [0x00000000eaa80000, 0x0000000100000000, 0x0000000100000000)
  eden space 228864K, 0% used [0x00000000eaa80000,0x00000000eaa80000,0x00000000f8a00000)
  from space 60416K, 29% used [0x00000000f8a00000,0x00000000f9b4b5e0,0x00000000fc500000)
  to   space 57856K, 0% used [0x00000000fc780000,0x00000000fc780000,0x0000000100000000)
 ParOldGen       total 240640K, used 224222K [0x00000000c0000000, 0x00000000ceb00000, 0x00000000eaa80000)
  object space 240640K, 93% used [0x00000000c0000000,0x00000000cdaf7860,0x00000000ceb00000)
 PSPermGen       total 159232K, used 138757K [0x00000000b0000000, 0x00000000b9b80000, 0x00000000c0000000)
  object space 159232K, 87% used [0x00000000b0000000,0x00000000b8781530,0x00000000b9b80000)
}
Event: 304.367 GC heap before
{Heap before GC invocations=30 (full 5):
 PSYoungGen      total 289280K, used 17709K [0x00000000eaa80000, 0x0000000100000000, 0x0000000100000000)
  eden space 228864K, 0% used [0x00000000eaa80000,0x00000000eaa80000,0x00000000f8a00000)
  from space 60416K, 29% used [0x00000000f8a00000,0x00000000f9b4b5e0,0x00000000fc500000)
  to   space 57856K, 0% used [0x00000000fc780000,0x00000000fc780000,0x0000000100000000)
 ParOldGen       total 240640K, used 224222K [0x00000000c0000000, 0x00000000ceb00000, 0x00000000eaa80000)
  object space 240640K, 93% used [0x00000000c0000000,0x00000000cdaf7860,0x00000000ceb00000)
 PSPermGen       total 159232K, used 138757K [0x00000000b0000000, 0x00000000b9b80000, 0x00000000c0000000)
  object space 159232K, 87% used [0x00000000b0000000,0x00000000b8781530,0x00000000b9b80000)
Event: 305.375 GC heap after
Heap after GC invocations=30 (full 5):
 PSYoungGen      total 289280K, used 0K [0x00000000eaa80000, 0x0000000100000000, 0x0000000100000000)
  eden space 228864K, 0% used [0x00000000eaa80000,0x00000000eaa80000,0x00000000f8a00000)
  from space 60416K, 0% used [0x00000000f8a00000,0x00000000f8a00000,0x00000000fc500000)
  to   space 57856K, 0% used [0x00000000fc780000,0x00000000fc780000,0x0000000100000000)
 ParOldGen       total 240640K, used 226359K [0x00000000c0000000, 0x00000000ceb00000, 0x00000000eaa80000)
  object space 240640K, 94% used [0x00000000c0000000,0x00000000cdd0dfb8,0x00000000ceb00000)
 PSPermGen       total 181248K, used 138635K [0x00000000b0000000, 0x00000000bb100000, 0x00000000c0000000)
  object space 181248K, 76% used [0x00000000b0000000,0x00000000b8762c88,0x00000000bb100000)
}
Event: 307.146 GC heap before
{Heap before GC invocations=31 (full 6):
 PSYoungGen      total 289280K, used 228864K [0x00000000eaa80000, 0x0000000100000000, 0x0000000100000000)
  eden space 228864K, 100% used [0x00000000eaa80000,0x00000000f8a00000,0x00000000f8a00000)
  from space 60416K, 0% used [0x00000000f8a00000,0x00000000f8a00000,0x00000000fc500000)
  to   space 57856K, 0% used [0x00000000fc780000,0x00000000fc780000,0x0000000100000000)
 ParOldGen       total 240640K, used 226359K [0x00000000c0000000, 0x00000000ceb00000, 0x00000000eaa80000)
  object space 240640K, 94% used [0x00000000c0000000,0x00000000cdd0dfb8,0x00000000ceb00000)
 PSPermGen       total 181248K, used 147032K [0x00000000b0000000, 0x00000000bb100000, 0x00000000c0000000)
  object space 181248K, 81% used [0x00000000b0000000,0x00000000b8f96348,0x00000000bb100000)

